nohup: ignoring input
[2025-10-08 16:27:49 +0500] [3801478] [INFO] Starting gunicorn 23.0.0
[2025-10-08 16:27:49 +0500] [3801478] [INFO] Listening at: http://127.0.0.1:8000 (3801478)
[2025-10-08 16:27:49 +0500] [3801478] [INFO] Using worker: sync
[2025-10-08 16:27:49 +0500] [3801479] [INFO] Booting worker with pid: 3801479
[2025-10-08 11:41:23 +0000] [3801479] [INFO] Worker exiting (pid: 3801479)
[2025-10-08 16:41:23 +0500] [3801478] [INFO] Handling signal: term
[2025-10-08 16:41:23 +0500] [3801478] [INFO] Shutting down: Master
[2025-10-15 12:49:21 +0500] [363922] [INFO] Starting gunicorn 23.0.0
[2025-10-15 12:49:21 +0500] [363922] [INFO] Listening at: http://127.0.0.1:8000 (363922)
[2025-10-15 12:49:21 +0500] [363922] [INFO] Using worker: sync
[2025-10-15 12:49:21 +0500] [363923] [INFO] Booting worker with pid: 363923
[2025-10-15 12:50:24 +0500] [363922] [INFO] Handling signal: int
[2025-10-15 07:50:24 +0000] [363923] [INFO] Worker exiting (pid: 363923)
[2025-10-15 12:50:25 +0500] [363922] [INFO] Shutting down: Master
[2025-10-15 12:57:24 +0500] [364691] [INFO] Starting gunicorn 23.0.0
[2025-10-15 12:57:24 +0500] [364691] [INFO] Listening at: http://127.0.0.1:8000 (364691)
[2025-10-15 12:57:24 +0500] [364691] [INFO] Using worker: sync
[2025-10-15 12:57:24 +0500] [364693] [INFO] Booting worker with pid: 364693
[2025-10-15 12:58:10 +0500] [364691] [INFO] Handling signal: int
[2025-10-15 07:58:10 +0000] [364693] [INFO] Worker exiting (pid: 364693)
[2025-10-15 12:58:10 +0500] [364691] [INFO] Shutting down: Master
[2025-10-15 13:00:37 +0500] [365506] [INFO] Starting gunicorn 23.0.0
[2025-10-15 13:00:37 +0500] [365506] [INFO] Listening at: http://127.0.0.1:8000 (365506)
[2025-10-15 13:00:37 +0500] [365506] [INFO] Using worker: sync
[2025-10-15 13:00:37 +0500] [365507] [INFO] Booting worker with pid: 365507
[2025-10-15 13:03:56 +0500] [365506] [INFO] Handling signal: int
[2025-10-15 08:03:56 +0000] [365507] [INFO] Worker exiting (pid: 365507)
[2025-10-15 13:03:57 +0500] [365506] [INFO] Shutting down: Master
[2025-10-15 13:27:01 +0500] [368112] [INFO] Starting gunicorn 23.0.0
[2025-10-15 13:27:01 +0500] [368112] [INFO] Listening at: http://127.0.0.1:8000 (368112)
[2025-10-15 13:27:01 +0500] [368112] [INFO] Using worker: sync
[2025-10-15 13:27:01 +0500] [368113] [INFO] Booting worker with pid: 368113
[2025-10-15 13:37:51 +0500] [368112] [INFO] Handling signal: int
[2025-10-15 08:37:52 +0000] [368113] [INFO] Worker exiting (pid: 368113)
[2025-10-15 13:37:52 +0500] [368112] [INFO] Shutting down: Master
